Determining if the pthread_create exist failed with the following output:
Change Dir: /home/workspace/Project1/build/CMakeFiles/CMakeTmp

Run Build Command:"/usr/bin/make" "cmTC_106ca/fast"
/usr/bin/make -f CMakeFiles/cmTC_106ca.dir/build.make CMakeFiles/cmTC_106ca.dir/build
make[1]: Entering directory '/home/workspace/Project1/build/CMakeFiles/CMakeTmp'
Building C object CMakeFiles/cmTC_106ca.dir/CheckSymbolExists.c.o
/usr/bin/cc     -o CMakeFiles/cmTC_106ca.dir/CheckSymbolExists.c.o   -c /home/workspace/Project1/build/CMakeFiles/CMakeTmp/CheckSymbolExists.c
Linking C executable cmTC_106ca
/usr/bin/cmake -E cmake_link_script CMakeFiles/cmTC_106ca.dir/link.txt --verbose=1
/usr/bin/cc       CMakeFiles/cmTC_106ca.dir/CheckSymbolExists.c.o  -o cmTC_106ca -rdynamic 
CMakeFiles/cmTC_106ca.dir/CheckSymbolExists.c.o: In function `main':
CheckSymbolExists.c:(.text+0x16): undefined reference to `pthread_create'
collect2: error: ld returned 1 exit status
CMakeFiles/cmTC_106ca.dir/build.make:97: recipe for target 'cmTC_106ca' failed
make[1]: *** [cmTC_106ca] Error 1
make[1]: Leaving directory '/home/workspace/Project1/build/CMakeFiles/CMakeTmp'
Makefile:126: recipe for target 'cmTC_106ca/fast' failed
make: *** [cmTC_106ca/fast] Error 2

File /home/workspace/Project1/build/CMakeFiles/CMakeTmp/CheckSymbolExists.c:
/* */
#include <pthread.h>

int main(int argc, char** argv)
{
  (void)argv;
#ifndef pthread_create
  return ((int*)(&pthread_create))[argc];
#else
  (void)argc;
  return 0;
#endif
}

Determining if the function pthread_create exists in the pthreads failed with the following output:
Change Dir: /home/workspace/Project1/build/CMakeFiles/CMakeTmp

Run Build Command:"/usr/bin/make" "cmTC_eacec/fast"
/usr/bin/make -f CMakeFiles/cmTC_eacec.dir/build.make CMakeFiles/cmTC_eacec.dir/build
make[1]: Entering directory '/home/workspace/Project1/build/CMakeFiles/CMakeTmp'
Building C object CMakeFiles/cmTC_eacec.dir/CheckFunctionExists.c.o
/usr/bin/cc    -DCHECK_FUNCTION_EXISTS=pthread_create   -o CMakeFiles/cmTC_eacec.dir/CheckFunctionExists.c.o   -c /usr/share/cmake-3.5/Modules/CheckFunctionExists.c
Linking C executable cmTC_eacec
/usr/bin/cmake -E cmake_link_script CMakeFiles/cmTC_eacec.dir/link.txt --verbose=1
/usr/bin/cc   -DCHECK_FUNCTION_EXISTS=pthread_create    CMakeFiles/cmTC_eacec.dir/CheckFunctionExists.c.o  -o cmTC_eacec -rdynamic -lpthreads 
/usr/bin/ld: cannot find -lpthreads
collect2: error: ld returned 1 exit status
CMakeFiles/cmTC_eacec.dir/build.make:97: recipe for target 'cmTC_eacec' failed
make[1]: *** [cmTC_eacec] Error 1
make[1]: Leaving directory '/home/workspace/Project1/build/CMakeFiles/CMakeTmp'
Makefile:126: recipe for target 'cmTC_eacec/fast' failed
make: *** [cmTC_eacec/fast] Error 2


